<?xml version="1.0" encoding="UTF-8"?>
<!-- Generated by org.testng.reporters.JUnitReportReporter -->
<testsuite hostname="IN1WXL-300972" name="com.selenium.test.SignUpTest" tests="1" failures="0" timestamp="6 Jan 2022 16:23:35 GMT" time="9.207" errors="0">
  <testcase name="userSignUp" time="9.207" classname="com.selenium.test.SignUpTest"/>
</testsuite> <!-- com.selenium.test.SignUpTest -->
