<?xml version="1.0" encoding="UTF-8"?>
<!-- Generated by org.testng.reporters.JUnitReportReporter -->
<testsuite hostname="IN1WXL-300972" name="com.selenium.test.LoginTest" tests="1" failures="0" timestamp="7 Jan 2022 06:12:02 GMT" time="888.464" errors="0">
  <testcase name="loginlogout" time="888.464" classname="com.selenium.test.LoginTest"/>
</testsuite> <!-- com.selenium.test.LoginTest -->
